<?xml version="1.0" encoding="UTF-8"?>
<testng-results ignored="0" total="2" passed="2" failed="0" skipped="0">
  <reporter-output>
  </reporter-output>
  <suite started-at="2022-01-06T21:49:09 WIB" name="Default suite" finished-at="2022-01-06T21:49:36 WIB" duration-ms="26652">
    <groups>
    </groups>
    <test started-at="2022-01-06T21:49:09 WIB" name="Default test" finished-at="2022-01-06T21:49:36 WIB" duration-ms="26652">
      <class name="com.juaracoding.sa.TestCalc">
        <test-method is-config="true" signature="reportSetup()[pri:0, instance:com.juaracoding.sa.TestCalc@7a69b07]" started-at="2022-01-06T21:49:09 WIB" name="reportSetup" finished-at="2022-01-06T21:49:09 WIB" duration-ms="399" status="PASS">
          <reporter-output>
          </reporter-output>
        </test-method> <!-- reportSetup -->
        <test-method is-config="true" signature="openCalculator()[pri:0, instance:com.juaracoding.sa.TestCalc@7a69b07]" started-at="2022-01-06T21:49:09 WIB" name="openCalculator" finished-at="2022-01-06T21:49:30 WIB" duration-ms="20657" status="PASS">
          <reporter-output>
          </reporter-output>
        </test-method> <!-- openCalculator -->
        <test-method signature="fungsi1Tambah()[pri:0, instance:com.juaracoding.sa.TestCalc@7a69b07]" started-at="2022-01-06T21:49:30 WIB" name="fungsi1Tambah" finished-at="2022-01-06T21:49:32 WIB" duration-ms="2475" status="PASS">
          <reporter-output>
          </reporter-output>
        </test-method> <!-- fungsi1Tambah -->
        <test-method signature="fungsi2Kali()[pri:0, instance:com.juaracoding.sa.TestCalc@7a69b07]" started-at="2022-01-06T21:49:32 WIB" name="fungsi2Kali" finished-at="2022-01-06T21:49:36 WIB" duration-ms="3412" status="PASS">
          <reporter-output>
          </reporter-output>
        </test-method> <!-- fungsi2Kali -->
        <test-method is-config="true" signature="reportTeardown()[pri:0, instance:com.juaracoding.sa.TestCalc@7a69b07]" started-at="2022-01-06T21:49:36 WIB" name="reportTeardown" finished-at="2022-01-06T21:49:37 WIB" duration-ms="1108" status="PASS">
          <reporter-output>
          </reporter-output>
        </test-method> <!-- reportTeardown -->
      </class> <!-- com.juaracoding.sa.TestCalc -->
    </test> <!-- Default test -->
  </suite> <!-- Default suite -->
</testng-results>
